Arguments: 
  /usr/local/bin/node /home/andrew/.yarn/releases/yarn-1.22.19.cjs init

PATH: 
  /home/andrew/anaconda3/condabin:/usr/local/sbin:/usr/local/bin:/usr/sbin:/usr/bin:/sbin:/bin:/usr/games:/usr/local/games:/snap/bin:/snap/bin

Yarn version: 
  1.22.19

Node version: 
  18.12.1

Platform: 
  linux x64

Trace: 
  Error: canceled
      at Interface.<anonymous> (/home/andrew/.yarn/releases/yarn-1.22.19.cjs:131557:13)
      at Interface.emit (node:events:513:28)
      at [_ttyWrite] [as _ttyWrite] (node:internal/readline/interface:1124:18)
      at ReadStream.onkeypress (node:internal/readline/interface:273:20)
      at ReadStream.emit (node:events:513:28)
      at emitKeys (node:internal/readline/utils:357:14)
      at emitKeys.next (<anonymous>)
      at ReadStream.onData (node:internal/readline/emitKeypressEvents:64:36)
      at ReadStream.emit (node:events:513:28)
      at addChunk (node:internal/streams/readable:324:12)

npm manifest: 
  {
    "name": "backend2",
    "version": "1.0.0",
    "description": "freeschool backend",
    "scripts": {
      "start": "nodemon src/index.ts"
    },
    "author": "Andrew Chen",
    "license": "ISC",
    "dependencies": {
      "@prisma/client": "^4.8.1",
      "bcrypt": "^5.1.0",
      "cors": "^2.8.5",
      "express": "^4.18.2"
    },
    "devDependencies": {
      "@types/bcrypt": "^5.0.0",
      "@types/cors": "^2.8.13",
      "@types/express": "^4.17.16",
      "nodemon": "^2.0.20",
      "prisma": "^4.8.1",
      "ts-node": "^10.9.1"
    }
  }

yarn manifest: 
  No manifest

Lockfile: 
  No lockfile
